
Jun 01, 2023 15:17:30.03 NEW SESSION
Jun 01, 2023 15:17:30.03 [4924:15476:0601/151730.028:ERROR:connection_factory_impl.cc(471)] ConnectionHandler failed with net error: -2
Jun 01, 2023 15:19:21.69 [4924:15476:0601/151921.695:ERROR:connection_factory_impl.cc(471)] ConnectionHandler failed with net error: -2
Jun 01, 2023 15:19:36.34 [4924:15476:0601/151936.348:ERROR:connection_factory_impl.cc(471)] ConnectionHandler failed with net error: -2
Jun 02, 2023 24:38:42.00 [10612:16920:0602/003842.000:ERROR:connection_factory_impl.cc(428)] Failed to connect to MCS endpoint with error -106
Jun 02, 2023 24:39:07.76 [10612:16920:0602/003907.768:ERROR:connection_factory_impl.cc(428)] Failed to connect to MCS endpoint with error -106
Jun 02, 2023 24:40:06.57 [10612:16920:0602/004006.568:ERROR:connection_factory_impl.cc(428)] Failed to connect to MCS endpoint with error -106
Jun 02, 2023 24:42:01.34 [10612:16920:0602/004201.345:ERROR:connection_factory_impl.cc(428)] Failed to connect to MCS endpoint with error -106
Jun 02, 2023 24:45:44.82 [10612:16920:0602/004544.829:ERROR:connection_factory_impl.cc(428)] Failed to connect to MCS endpoint with error -106
Jun 02, 2023 24:52:07.36 [10612:16920:0602/005207.364:ERROR:connection_factory_impl.cc(428)] Failed to connect to MCS endpoint with error -106
Jun 03, 2023 13:51:57.29 [10612:16920:0603/135157.296:ERROR:connection_factory_impl.cc(428)] Failed to connect to MCS endpoint with error -106
Jun 03, 2023 13:51:57.36 [10612:16920:0603/135157.364:ERROR:registration_request.cc(251)] Registration URL fetching failed.
Jun 03, 2023 13:51:57.36 [10612:16920:0603/135157.364:ERROR:registration_request.cc(251)] Registration URL fetching failed.
Jun 03, 2023 13:51:57.36 [10612:16920:0603/135157.364:ERROR:registration_request.cc(251)] Registration URL fetching failed.
Jun 03, 2023 13:51:58.89 [10612:5916:0603/135158.884:ERROR:device_event_log_impl.cc(222)] [13:51:58.888] USB: usb_service_win.cc:104 SetupDiGetDeviceProperty({{A45C254E-DF1C-4EFD-8020-67D146A850E0}, 6}) failed: Element not found. (0x490)
Jun 03, 2023 13:52:21.95 [10612:16920:0603/135221.955:ERROR:registration_request.cc(251)] Registration URL fetching failed.
Jun 03, 2023 13:52:22.61 [10612:16920:0603/135222.619:ERROR:registration_request.cc(251)] Registration URL fetching failed.
Jun 03, 2023 13:52:24.46 [10612:16920:0603/135224.469:ERROR:registration_request.cc(251)] Registration URL fetching failed.
Jun 03, 2023 13:52:30.74 [10612:5916:0603/135230.744:ERROR:account_info_fetcher.cc(62)] OnGetTokenFailure: Connection failed (-106).
Jun 03, 2023 13:52:57.29 [10612:16920:0603/135257.291:ERROR:connection_factory_impl.cc(428)] Failed to connect to MCS endpoint with error -105
Jun 03, 2023 13:53:06.41 [10612:16920:0603/135306.411:ERROR:connection_factory_impl.cc(428)] Failed to connect to MCS endpoint with error -105
Jun 03, 2023 13:53:06.61 [10612:16920:0603/135306.618:ERROR:registration_request.cc(251)] Registration URL fetching failed.
Jun 03, 2023 13:53:08.70 [10612:16920:0603/135308.701:ERROR:connection_factory_impl.cc(428)] Failed to connect to MCS endpoint with error -106
Jun 03, 2023 13:53:23.39 [10612:16920:0603/135323.396:ERROR:connection_factory_impl.cc(428)] Failed to connect to MCS endpoint with error -105
Jun 03, 2023 13:53:23.39 [10612:16920:0603/135323.396:ERROR:registration_request.cc(251)] Registration URL fetching failed.
Jun 03, 2023 13:53:23.39 [10612:16920:0603/135323.396:ERROR:registration_request.cc(251)] Registration URL fetching failed.
Jun 03, 2023 13:53:36.56 [10612:16920:0603/135336.559:ERROR:connection_factory_impl.cc(428)] Failed to connect to MCS endpoint with error -106
Jun 03, 2023 13:54:42.91 [10612:16920:0603/135442.912:ERROR:registration_request.cc(251)] Registration URL fetching failed.
Jun 03, 2023 13:54:52.38 [10612:16920:0603/135452.381:ERROR:connection_factory_impl.cc(428)] Failed to connect to MCS endpoint with error -105
Jun 03, 2023 13:54:59.01 [10612:16920:0603/135459.012:ERROR:registration_request.cc(251)] Registration URL fetching failed.
Jun 03, 2023 13:55:17.08 [10612:16920:0603/135517.084:ERROR:registration_request.cc(251)] Registration URL fetching failed.
Jun 03, 2023 13:55:17.12 [10612:16920:0603/135517.129:ERROR:connection_factory_impl.cc(428)] Failed to connect to MCS endpoint with error -103
Jun 03, 2023 13:55:19.22 [10612:16920:0603/135519.223:ERROR:connection_factory_impl.cc(428)] Failed to connect to MCS endpoint with error -106
Jun 03, 2023 13:55:28.84 [10612:16920:0603/135528.844:ERROR:connection_factory_impl.cc(428)] Failed to connect to MCS endpoint with error -105
Jun 03, 2023 13:55:55.92 [10612:16920:0603/135555.927:ERROR:connection_factory_impl.cc(428)] Failed to connect to MCS endpoint with error -118
Jun 03, 2023 13:57:13.86 [10612:16920:0603/135713.865:ERROR:connection_factory_impl.cc(428)] Failed to connect to MCS endpoint with error -105
Jun 03, 2023 13:57:34.49 [10612:16920:0603/135734.496:ERROR:connection_factory_impl.cc(428)] Failed to connect to MCS endpoint with error -105
Jun 03, 2023 13:57:44.20 [10612:16920:0603/135744.208:ERROR:connection_factory_impl.cc(428)] Failed to connect to MCS endpoint with error -106
Jun 03, 2023 13:58:15.99 [10612:16920:0603/135815.999:ERROR:connection_factory_impl.cc(428)] Failed to connect to MCS endpoint with error -118
Jun 03, 2023 13:58:26.17 [10612:16920:0603/135826.175:ERROR:registration_request.cc(251)] Registration URL fetching failed.
Jun 03, 2023 13:58:31.22 [10612:16920:0603/135831.228:ERROR:connection_factory_impl.cc(428)] Failed to connect to MCS endpoint with error -106
Jun 03, 2023 13:59:01.30 [10612:16920:0603/135901.305:ERROR:connection_factory_impl.cc(428)] Failed to connect to MCS endpoint with error -105
Jun 03, 2023 13:59:01.30 [10612:16920:0603/135901.306:ERROR:registration_request.cc(251)] Registration URL fetching failed.
Jun 03, 2023 13:59:01.30 [10612:16920:0603/135901.306:ERROR:registration_request.cc(251)] Registration URL fetching failed.
Jun 03, 2023 13:59:03.32 [10612:16920:0603/135903.320:ERROR:connection_factory_impl.cc(428)] Failed to connect to MCS endpoint with error -106
Jun 03, 2023 13:59:13.38 [10612:16920:0603/135913.384:ERROR:connection_factory_impl.cc(428)] Failed to connect to MCS endpoint with error -105
Jun 03, 2023 13:59:21.11 [10612:16920:0603/135921.114:ERROR:connection_factory_impl.cc(428)] Failed to connect to MCS endpoint with error -105
Jun 03, 2023 14:00:24.82 [10612:6748:0603/140024.823:ERROR:cert_issuer_source_aia.cc(34)] Error parsing cert retrieved from AIA (as DER):
Jun 03, 2023 14:00:24.82 ERROR: Couldn't read tbsCertificate as SEQUENCE
Jun 03, 2023 14:00:24.82 ERROR: Failed parsing Certificate
Jun 03, 2023 14:00:24.82 
Jun 03, 2023 14:00:26.73 [10612:6748:0603/140026.733:ERROR:cert_verify_proc_builtin.cc(702)] CertVerifyProcBuiltin for sync.hgrtb.com failed:
Jun 03, 2023 14:00:26.73 ----- Certificate i=0 (CN=sync.hgrtb.com) -----
Jun 03, 2023 14:00:26.73 ERROR: Time is after notAfter
Jun 03, 2023 14:00:26.73 
Jun 03, 2023 14:00:26.73 

Jun 06, 2023 24:31:29.65 NEW SESSION
Jun 06, 2023 24:31:29.65 [5040:32584:0606/003129.644:ERROR:connection_factory_impl.cc(428)] Failed to connect to MCS endpoint with error -7
Jun 06, 2023 24:31:30.32 [5040:32584:0606/003130.326:ERROR:registration_request.cc(251)] Registration URL fetching failed.
Jun 06, 2023 24:31:30.65 [5040:32584:0606/003130.652:ERROR:registration_request.cc(251)] Registration URL fetching failed.
Jun 06, 2023 01:44:06.83 [2016:39500:0606/014406.831:ERROR:connection_factory_impl.cc(471)] ConnectionHandler failed with net error: -2
Jun 06, 2023 12:16:29.57 [2016:39500:0606/121629.574:ERROR:connection_factory_impl.cc(428)] Failed to connect to MCS endpoint with error -7
Jun 06, 2023 12:16:31.10 [2016:40908:0606/121631.104:ERROR:device_event_log_impl.cc(222)] [12:16:31.101] USB: usb_service_win.cc:104 SetupDiGetDeviceProperty({{A45C254E-DF1C-4EFD-8020-67D146A850E0}, 6}) failed: Element not found. (0x490)
Jun 06, 2023 12:16:31.66 [2016:39500:0606/121631.664:ERROR:connection_factory_impl.cc(428)] Failed to connect to MCS endpoint with error -105
Jun 06, 2023 12:16:31.85 [2016:42232:0606/121631.856:ERROR:get_updates_processor.cc(264)] PostClientToServerMessage() failed during GetUpdates with error 2
Jun 06, 2023 14:09:11.59 [2016:39500:0606/140911.593:ERROR:connection_factory_impl.cc(471)] ConnectionHandler failed with net error: -2
Jun 06, 2023 14:49:35.28 [2016:39500:0606/144935.283:ERROR:connection_handler_impl.cc(472)] Timed out waiting for GCM Protocol buffer.
Jun 06, 2023 14:49:35.28 [2016:39500:0606/144935.283:ERROR:connection_factory_impl.cc(471)] ConnectionHandler failed with net error: -7
Jun 06, 2023 14:49:37.39 [2016:40908:0606/144937.390:ERROR:device_event_log_impl.cc(222)] [14:49:37.393] USB: usb_service_win.cc:104 SetupDiGetDeviceProperty({{A45C254E-DF1C-4EFD-8020-67D146A850E0}, 6}) failed: Element not found. (0x490)
Jun 06, 2023 15:38:19.52 [2016:39500:0606/153819.526:ERROR:connection_factory_impl.cc(471)] ConnectionHandler failed with net error: -2
Jun 06, 2023 16:06:48.73 [2016:39500:0606/160648.732:ERROR:connection_factory_impl.cc(471)] ConnectionHandler failed with net error: -2
Jun 06, 2023 16:06:50.41 [2016:40908:0606/160650.410:ERROR:device_event_log_impl.cc(222)] [16:06:50.411] USB: usb_service_win.cc:104 SetupDiGetDeviceProperty({{A45C254E-DF1C-4EFD-8020-67D146A850E0}, 6}) failed: Element not found. (0x490)
Jun 06, 2023 16:07:03.52 [2016:40908:0606/160703.524:ERROR:device_event_log_impl.cc(222)] [16:07:03.527] USB: usb_service_win.cc:104 SetupDiGetDeviceProperty({{A45C254E-DF1C-4EFD-8020-67D146A850E0}, 6}) failed: Element not found. (0x490)
Jun 06, 2023 16:07:17.64 [2016:39500:0606/160717.641:ERROR:connection_factory_impl.cc(471)] ConnectionHandler failed with net error: -2
Jun 06, 2023 16:07:19.66 [2016:39500:0606/160719.664:ERROR:connection_factory_impl.cc(428)] Failed to connect to MCS endpoint with error -106
Jun 06, 2023 16:08:15.75 [2016:39500:0606/160815.756:ERROR:connection_factory_impl.cc(428)] Failed to connect to MCS endpoint with error -106
Jun 06, 2023 16:09:32.38 [2016:39500:0606/160932.388:ERROR:connection_factory_impl.cc(428)] Failed to connect to MCS endpoint with error -105
Jun 06, 2023 16:09:35.88 [2016:39500:0606/160935.886:ERROR:connection_factory_impl.cc(428)] Failed to connect to MCS endpoint with error -105
Jun 06, 2023 16:24:11.29 [40284:33944:0606/162411.292:ERROR:connection_factory_impl.cc(471)] ConnectionHandler failed with net error: -2

Jun 19, 2023 04:04:13.01 NEW SESSION
Jun 19, 2023 04:04:13.01 [42360:38972:0619/040413.009:ERROR:connection_factory_impl.cc(428)] Failed to connect to MCS endpoint with error -106
Jun 19, 2023 04:04:39.41 [42360:38972:0619/040439.410:ERROR:connection_factory_impl.cc(428)] Failed to connect to MCS endpoint with error -106
Jun 19, 2023 04:05:33.48 [42360:38972:0619/040533.484:ERROR:connection_factory_impl.cc(428)] Failed to connect to MCS endpoint with error -106

Jun 19, 2023 04:13:06.81 NEW SESSION
Jun 19, 2023 04:13:06.81 [16920:24356:0619/041306.815:ERROR:connection_factory_impl.cc(428)] Failed to connect to MCS endpoint with error -106
Jun 19, 2023 04:13:30.92 [16920:24356:0619/041330.924:ERROR:connection_factory_impl.cc(428)] Failed to connect to MCS endpoint with error -106
Jun 19, 2023 04:14:13.10 [16920:24356:0619/041413.104:ERROR:connection_factory_impl.cc(428)] Failed to connect to MCS endpoint with error -106
Jun 19, 2023 04:15:57.34 [16920:24356:0619/041557.345:ERROR:connection_factory_impl.cc(428)] Failed to connect to MCS endpoint with error -106
Jun 19, 2023 04:30:50.85 [16920:24356:0619/043050.854:ERROR:connection_factory_impl.cc(471)] ConnectionHandler failed with net error: -2
Jun 19, 2023 12:50:33.42 [16920:24356:0619/125033.420:ERROR:connection_factory_impl.cc(428)] Failed to connect to MCS endpoint with error -7
Jun 19, 2023 12:50:35.51 [16920:47584:0619/125035.518:ERROR:device_event_log_impl.cc(222)] [12:50:35.521] USB: usb_service_win.cc:104 SetupDiGetDeviceProperty({{A45C254E-DF1C-4EFD-8020-67D146A850E0}, 6}) failed: Element not found. (0x490)
Jun 19, 2023 12:50:39.55 [16920:24356:0619/125039.552:ERROR:connection_factory_impl.cc(428)] Failed to connect to MCS endpoint with error -106
Jun 19, 2023 12:50:45.65 [16920:45640:0619/125045.651:ERROR:get_updates_processor.cc(264)] PostClientToServerMessage() failed during GetUpdates with error 2
Jun 19, 2023 12:51:34.68 [16920:24356:0619/125134.683:ERROR:connection_factory_impl.cc(428)] Failed to connect to MCS endpoint with error -106
Jun 19, 2023 12:51:42.87 [16920:46584:0619/125142.871:ERROR:get_updates_processor.cc(264)] PostClientToServerMessage() failed during GetUpdates with error 2
Jun 19, 2023 12:55:54.83 [16920:24356:0619/125554.831:ERROR:connection_factory_impl.cc(471)] ConnectionHandler failed with net error: -2
Jun 19, 2023 12:57:24.39 [16920:24356:0619/125724.398:ERROR:connection_factory_impl.cc(428)] Failed to connect to MCS endpoint with error -7
Jun 19, 2023 13:26:39.62 [16920:24356:0619/132639.620:ERROR:connection_factory_impl.cc(471)] ConnectionHandler failed with net error: -2
Jun 19, 2023 15:43:02.23 [16920:24356:0619/154302.232:ERROR:connection_handler_impl.cc(472)] Timed out waiting for GCM Protocol buffer.
Jun 19, 2023 15:43:02.23 [16920:24356:0619/154302.232:ERROR:connection_factory_impl.cc(471)] ConnectionHandler failed with net error: -7
Jun 19, 2023 15:43:04.56 [16920:47584:0619/154304.567:ERROR:device_event_log_impl.cc(222)] [15:43:04.566] USB: usb_service_win.cc:104 SetupDiGetDeviceProperty({{A45C254E-DF1C-4EFD-8020-67D146A850E0}, 6}) failed: Element not found. (0x490)
Jun 19, 2023 15:43:07.95 [16920:24356:0619/154307.955:ERROR:connection_factory_impl.cc(428)] Failed to connect to MCS endpoint with error -105
Jun 19, 2023 15:43:12.50 [16920:24356:0619/154312.500:ERROR:connection_factory_impl.cc(428)] Failed to connect to MCS endpoint with error -105
Jun 19, 2023 15:43:21.64 [16920:24356:0619/154321.646:ERROR:connection_factory_impl.cc(428)] Failed to connect to MCS endpoint with error -106
Jun 19, 2023 15:44:01.58 [16920:24356:0619/154401.581:ERROR:connection_factory_impl.cc(428)] Failed to connect to MCS endpoint with error -105
Jun 19, 2023 18:33:38.71 [16920:24356:0619/183338.715:ERROR:connection_factory_impl.cc(428)] Failed to connect to MCS endpoint with error -106
Jun 19, 2023 18:33:38.73 [16920:46584:0619/183338.734:ERROR:get_updates_processor.cc(264)] PostClientToServerMessage() failed during GetUpdates with error 2
Jun 19, 2023 18:33:39.44 [16920:47584:0619/183339.448:ERROR:device_event_log_impl.cc(222)] [18:33:39.440] USB: usb_service_win.cc:104 SetupDiGetDeviceProperty({{A45C254E-DF1C-4EFD-8020-67D146A850E0}, 6}) failed: Element not found. (0x490)
Jun 19, 2023 18:33:54.44 [16920:24356:0619/183354.448:ERROR:connection_factory_impl.cc(428)] Failed to connect to MCS endpoint with error -105
Jun 19, 2023 18:34:06.51 [16920:24356:0619/183406.518:ERROR:connection_factory_impl.cc(428)] Failed to connect to MCS endpoint with error -105
Jun 19, 2023 18:34:09.51 [16920:45640:0619/183409.518:ERROR:get_updates_processor.cc(264)] PostClientToServerMessage() failed during GetUpdates with error 2
Jun 19, 2023 18:42:12.62 [16920:24356:0619/184212.628:ERROR:connection_factory_impl.cc(428)] Failed to connect to MCS endpoint with error -106
Jun 19, 2023 18:49:35.56 [16920:24356:0619/184935.568:ERROR:connection_factory_impl.cc(428)] Failed to connect to MCS endpoint with error -105
Jun 19, 2023 18:49:44.73 [16920:46584:0619/184944.738:ERROR:get_updates_processor.cc(264)] PostClientToServerMessage() failed during GetUpdates with error 2
Jun 19, 2023 18:50:44.88 [16920:46584:0619/185044.889:ERROR:get_updates_processor.cc(264)] PostClientToServerMessage() failed during GetUpdates with error 2
Jun 19, 2023 18:59:38.65 [16920:24356:0619/185938.652:ERROR:connection_factory_impl.cc(428)] Failed to connect to MCS endpoint with error -105
Jun 19, 2023 19:09:41.71 [16920:24356:0619/190941.719:ERROR:connection_factory_impl.cc(428)] Failed to connect to MCS endpoint with error -105
Jun 19, 2023 19:13:04.53 [16920:46584:0619/191304.529:ERROR:get_updates_processor.cc(264)] PostClientToServerMessage() failed during GetUpdates with error 2
Jun 19, 2023 19:14:01.67 [16920:46584:0619/191401.679:ERROR:get_updates_processor.cc(264)] PostClientToServerMessage() failed during GetUpdates with error 2
Jun 19, 2023 19:15:27.37 [16920:46584:0619/191527.370:ERROR:get_updates_processor.cc(264)] PostClientToServerMessage() failed during GetUpdates with error 2
Jun 19, 2023 19:17:20.76 [16920:46584:0619/191720.767:ERROR:get_updates_processor.cc(264)] PostClientToServerMessage() failed during GetUpdates with error 2
Jun 19, 2023 19:19:44.80 [16920:24356:0619/191944.801:ERROR:connection_factory_impl.cc(428)] Failed to connect to MCS endpoint with error -105
Jun 19, 2023 19:21:40.03 [16920:46584:0619/192140.039:ERROR:get_updates_processor.cc(264)] PostClientToServerMessage() failed during GetUpdates with error 2
Jun 19, 2023 20:06:50.32 [16920:24356:0619/200650.327:ERROR:connection_factory_impl.cc(471)] ConnectionHandler failed with net error: -2
Jun 19, 2023 23:06:51.78 [16920:24356:0619/230651.786:ERROR:connection_factory_impl.cc(428)] Failed to connect to MCS endpoint with error -105
Jun 20, 2023 01:45:21.86 [16920:47584:0620/014521.862:ERROR:device_event_log_impl.cc(222)] [01:45:21.868] USB: usb_service_win.cc:104 SetupDiGetDeviceProperty({{A45C254E-DF1C-4EFD-8020-67D146A850E0}, 6}) failed: Element not found. (0x490)
Jun 20, 2023 01:45:26.48 [16920:24356:0620/014526.488:ERROR:connection_factory_impl.cc(428)] Failed to connect to MCS endpoint with error -106
Jun 20, 2023 01:45:32.54 [16920:45640:0620/014532.545:ERROR:get_updates_processor.cc(264)] PostClientToServerMessage() failed during GetUpdates with error 2
Jun 20, 2023 01:46:25.62 [16920:24356:0620/014625.620:ERROR:connection_factory_impl.cc(428)] Failed to connect to MCS endpoint with error -106
Jun 20, 2023 01:46:59.74 [16920:46584:0620/014659.742:ERROR:get_updates_processor.cc(264)] PostClientToServerMessage() failed during GetUpdates with error 2
Jun 20, 2023 01:48:04.39 [16920:24356:0620/014804.397:ERROR:connection_factory_impl.cc(428)] Failed to connect to MCS endpoint with error -106
Jun 20, 2023 03:41:30.83 [16920:24356:0620/034130.829:ERROR:connection_factory_impl.cc(428)] Failed to connect to MCS endpoint with error -106
Jun 20, 2023 03:42:00.31 [16920:24356:0620/034200.319:ERROR:connection_factory_impl.cc(428)] Failed to connect to MCS endpoint with error -106
Jun 20, 2023 03:42:53.69 [16920:24356:0620/034253.693:ERROR:connection_factory_impl.cc(428)] Failed to connect to MCS endpoint with error -106
Jun 20, 2023 03:44:36.70 [16920:24356:0620/034436.705:ERROR:connection_factory_impl.cc(428)] Failed to connect to MCS endpoint with error -106
Jun 20, 2023 03:48:21.94 [16920:24356:0620/034821.944:ERROR:connection_factory_impl.cc(428)] Failed to connect to MCS endpoint with error -106
Jun 20, 2023 14:08:39.55 [16920:24356:0620/140839.551:ERROR:connection_factory_impl.cc(428)] Failed to connect to MCS endpoint with error -106
Jun 20, 2023 14:08:45.71 [16920:46584:0620/140845.714:ERROR:get_updates_processor.cc(264)] PostClientToServerMessage() failed during GetUpdates with error 2
Jun 20, 2023 14:10:41.02 [16920:24356:0620/141041.027:ERROR:connection_factory_impl.cc(428)] Failed to connect to MCS endpoint with error -105
Jun 20, 2023 14:10:59.23 [16920:24356:0620/141059.238:ERROR:connection_factory_impl.cc(428)] Failed to connect to MCS endpoint with error -106
Jun 20, 2023 14:12:39.58 [16920:24356:0620/141239.582:ERROR:connection_factory_impl.cc(428)] Failed to connect to MCS endpoint with error -105
Jun 20, 2023 14:12:52.42 [16920:24356:0620/141252.424:ERROR:connection_factory_impl.cc(428)] Failed to connect to MCS endpoint with error -105
Jun 20, 2023 14:13:14.94 [16920:24356:0620/141314.945:ERROR:connection_factory_impl.cc(428)] Failed to connect to MCS endpoint with error -105
Jun 20, 2023 14:13:33.07 [16920:24356:0620/141333.071:ERROR:connection_factory_impl.cc(428)] Failed to connect to MCS endpoint with error -105
Jun 20, 2023 14:49:30.75 [16920:24356:0620/144930.758:ERROR:connection_factory_impl.cc(471)] ConnectionHandler failed with net error: -2
Jun 20, 2023 18:17:01.27 [16920:24356:0620/181701.267:ERROR:connection_factory_impl.cc(428)] Failed to connect to MCS endpoint with error -105
Jun 20, 2023 18:17:07.92 [16920:24356:0620/181707.929:ERROR:connection_factory_impl.cc(428)] Failed to connect to MCS endpoint with error -105
Jun 20, 2023 18:17:20.01 [16920:24356:0620/181720.018:ERROR:connection_factory_impl.cc(428)] Failed to connect to MCS endpoint with error -105
Jun 20, 2023 18:17:23.01 [16920:7708:0620/181723.014:ERROR:get_updates_processor.cc(264)] PostClientToServerMessage() failed during GetUpdates with error 2
Jun 20, 2023 18:19:25.27 [16920:24356:0620/181925.276:ERROR:connection_factory_impl.cc(428)] Failed to connect to MCS endpoint with error -105
Jun 21, 2023 10:20:54.69 [16920:24356:0621/102054.683:ERROR:connection_factory_impl.cc(428)] Failed to connect to MCS endpoint with error -106
Jun 21, 2023 10:20:54.69 [16920:24356:0621/102054.699:ERROR:checkin_request.cc(243)] Check-in request got net error: -106
Jun 21, 2023 10:21:17.37 [16920:24356:0621/102117.378:ERROR:checkin_request.cc(243)] Check-in request got net error: -106
Jun 21, 2023 10:21:27.87 [16920:47584:0621/102127.872:ERROR:account_info_fetcher.cc(62)] OnGetTokenFailure: Connection failed (-106).
Jun 21, 2023 10:21:28.17 [16920:47584:0621/102128.170:ERROR:account_info_fetcher.cc(62)] OnGetTokenFailure: Connection failed (-106).
Jun 21, 2023 10:22:13.03 [16920:24356:0621/102213.037:ERROR:checkin_request.cc(243)] Check-in request got net error: -106
Jun 27, 2023 21:20:52.24 [16920:24356:0627/212052.249:ERROR:connection_factory_impl.cc(428)] Failed to connect to MCS endpoint with error -106
Jun 27, 2023 21:20:52.32 [16920:24356:0627/212052.311:ERROR:checkin_request.cc(243)] Check-in request got net error: -106
Jun 27, 2023 21:20:52.35 [16920:24356:0627/212052.358:ERROR:registration_request.cc(251)] Registration URL fetching failed.
Jun 27, 2023 21:20:52.40 [16920:24356:0627/212052.405:ERROR:registration_request.cc(251)] Registration URL fetching failed.
Jun 27, 2023 21:20:52.40 [16920:24356:0627/212052.405:ERROR:registration_request.cc(251)] Registration URL fetching failed.
Jun 27, 2023 21:21:16.09 [16920:24356:0627/212116.097:ERROR:registration_request.cc(251)] Registration URL fetching failed.
Jun 27, 2023 21:21:19.32 [16920:24356:0627/212119.329:ERROR:registration_request.cc(251)] Registration URL fetching failed.
Jun 27, 2023 21:21:20.62 [16920:24356:0627/212120.624:ERROR:registration_request.cc(251)] Registration URL fetching failed.
Jun 27, 2023 21:21:26.11 [16920:47584:0627/212126.114:ERROR:account_info_fetcher.cc(62)] OnGetTokenFailure: Connection failed (-106).
Jun 27, 2023 21:21:26.77 [16920:47584:0627/212126.775:ERROR:account_info_fetcher.cc(62)] OnGetTokenFailure: Connection failed (-106).
Jun 27, 2023 21:22:05.63 [16920:24356:0627/212205.634:ERROR:registration_request.cc(251)] Registration URL fetching failed.
Jun 27, 2023 21:22:15.13 [16920:24356:0627/212215.134:ERROR:registration_request.cc(251)] Registration URL fetching failed.
Jun 27, 2023 21:22:18.75 [16920:24356:0627/212218.752:ERROR:registration_request.cc(251)] Registration URL fetching failed.
Jun 28, 2023 10:33:44.21 [16920:24356:0628/103344.216:ERROR:checkin_request.cc(243)] Check-in request got net error: -106
Jun 28, 2023 10:33:44.23 [16920:24356:0628/103344.235:ERROR:registration_request.cc(251)] Registration URL fetching failed.
Jun 28, 2023 10:33:44.23 [16920:24356:0628/103344.235:ERROR:registration_request.cc(251)] Registration URL fetching failed.
Jun 28, 2023 10:33:44.31 [16920:24356:0628/103344.315:ERROR:connection_factory_impl.cc(428)] Failed to connect to MCS endpoint with error -106
Jun 28, 2023 10:33:44.37 [16920:24356:0628/103344.372:ERROR:registration_request.cc(251)] Registration URL fetching failed.
Jun 28, 2023 12:36:18.57 [16920:24356:0628/123618.563:ERROR:connection_factory_impl.cc(428)] Failed to connect to MCS endpoint with error -106
Jun 28, 2023 12:36:18.61 [16920:24356:0628/123618.617:ERROR:registration_request.cc(251)] Registration URL fetching failed.
Jun 28, 2023 12:36:18.71 [16920:24356:0628/123618.711:ERROR:registration_request.cc(251)] Registration URL fetching failed.
Jun 28, 2023 12:36:18.71 [16920:24356:0628/123618.711:ERROR:registration_request.cc(251)] Registration URL fetching failed.
Jun 28, 2023 12:36:18.72 [16920:24356:0628/123618.727:ERROR:checkin_request.cc(243)] Check-in request got net error: -106
Jun 28, 2023 12:41:23.58 [16920:24356:0628/124123.581:ERROR:connection_factory_impl.cc(428)] Failed to connect to MCS endpoint with error -105
Jun 28, 2023 13:14:44.45 [16920:24356:0628/131444.454:ERROR:connection_factory_impl.cc(471)] ConnectionHandler failed with net error: -2
Jun 28, 2023 14:01:26.20 [16920:24356:0628/140126.209:ERROR:connection_factory_impl.cc(428)] Failed to connect to MCS endpoint with error -7
Jun 28, 2023 14:01:30.83 [16920:24356:0628/140130.837:ERROR:connection_factory_impl.cc(428)] Failed to connect to MCS endpoint with error -106
Jun 28, 2023 14:02:15.91 [16920:24356:0628/140215.918:ERROR:connection_factory_impl.cc(428)] Failed to connect to MCS endpoint with error -105
Jun 28, 2023 15:30:29.57 [16920:24356:0628/153029.576:ERROR:connection_factory_impl.cc(471)] ConnectionHandler failed with net error: -2
Jun 28, 2023 17:01:52.52 [16920:24356:0628/170152.522:ERROR:connection_factory_impl.cc(428)] Failed to connect to MCS endpoint with error -7
Jun 28, 2023 17:01:59.85 [16920:24356:0628/170159.852:ERROR:connection_factory_impl.cc(428)] Failed to connect to MCS endpoint with error -106
Jun 28, 2023 17:02:05.97 [16920:45640:0628/170205.973:ERROR:get_updates_processor.cc(264)] PostClientToServerMessage() failed during GetUpdates with error 2
Jun 28, 2023 17:53:32.76 [16920:24356:0628/175332.766:ERROR:connection_factory_impl.cc(471)] ConnectionHandler failed with net error: -2
Jun 28, 2023 20:53:34.86 [16920:24356:0628/205334.864:ERROR:connection_factory_impl.cc(428)] Failed to connect to MCS endpoint with error -105
Jun 28, 2023 21:18:10.95 [16920:24356:0628/211810.955:ERROR:connection_factory_impl.cc(428)] Failed to connect to MCS endpoint with error -106
Jun 28, 2023 21:18:10.95 [16920:46584:0628/211810.955:ERROR:get_updates_processor.cc(264)] PostClientToServerMessage() failed during GetUpdates with error 2
Jun 28, 2023 21:19:08.46 [16920:24356:0628/211908.469:ERROR:connection_factory_impl.cc(428)] Failed to connect to MCS endpoint with error -106
Jun 28, 2023 21:19:25.98 [16920:46584:0628/211925.980:ERROR:get_updates_processor.cc(264)] PostClientToServerMessage() failed during GetUpdates with error 2

Jun 28, 2023 21:56:23.09 NEW SESSION
Jun 28, 2023 21:56:23.09 [35728:4596:0628/215623.090:ERROR:connection_factory_impl.cc(428)] Failed to connect to MCS endpoint with error -106
Jun 28, 2023 21:56:23.09 [35728:4596:0628/215623.091:ERROR:registration_request.cc(251)] Registration URL fetching failed.
Jun 28, 2023 21:56:23.09 [35728:4596:0628/215623.091:ERROR:registration_request.cc(251)] Registration URL fetching failed.
Jun 28, 2023 21:56:43.62 [35728:4596:0628/215643.625:ERROR:registration_request.cc(251)] Registration URL fetching failed.
Jun 28, 2023 21:56:45.77 [35728:4596:0628/215645.770:ERROR:registration_request.cc(251)] Registration URL fetching failed.
Jun 28, 2023 21:56:50.38 [35728:4596:0628/215650.389:ERROR:connection_factory_impl.cc(428)] Failed to connect to MCS endpoint with error -106
Jun 28, 2023 21:57:31.52 [35728:4596:0628/215731.524:ERROR:registration_request.cc(251)] Registration URL fetching failed.
Jun 28, 2023 21:57:41.04 [35728:4596:0628/215741.047:ERROR:registration_request.cc(251)] Registration URL fetching failed.
Jun 28, 2023 21:57:45.62 [35728:4596:0628/215745.629:ERROR:connection_factory_impl.cc(428)] Failed to connect to MCS endpoint with error -106
Jun 28, 2023 21:59:08.39 [35728:4596:0628/215908.390:ERROR:connection_factory_impl.cc(428)] Failed to connect to MCS endpoint with error -106
Jun 28, 2023 21:59:21.14 [35728:4596:0628/215921.143:ERROR:registration_request.cc(251)] Registration URL fetching failed.
Jun 28, 2023 21:59:25.74 [35728:4596:0628/215925.740:ERROR:registration_request.cc(251)] Registration URL fetching failed.
Jun 28, 2023 22:02:23.00 [35728:4596:0628/220223.000:ERROR:connection_factory_impl.cc(428)] Failed to connect to MCS endpoint with error -106
Jun 28, 2023 22:02:40.06 [35728:4596:0628/220240.068:ERROR:registration_request.cc(251)] Registration URL fetching failed.
Jun 28, 2023 22:03:02.02 [35728:4596:0628/220302.027:ERROR:registration_request.cc(251)] Registration URL fetching failed.
Jun 28, 2023 22:09:25.79 [35728:4596:0628/220925.792:ERROR:connection_factory_impl.cc(428)] Failed to connect to MCS endpoint with error -106
Jun 28, 2023 22:09:27.88 [35728:4596:0628/220927.887:ERROR:registration_request.cc(251)] Registration URL fetching failed.
Jun 28, 2023 22:10:40.05 [35728:4596:0628/221040.054:ERROR:registration_request.cc(251)] Registration URL fetching failed.
Jun 28, 2023 22:10:40.05 [35728:22928:0628/221040.054:ERROR:sharing_service.cc(210)] Device registration failed with transient error
Jun 28, 2023 22:15:32.49 [35728:4596:0628/221532.496:ERROR:registration_request.cc(251)] Registration URL fetching failed.
Jun 28, 2023 22:15:58.76 [35728:4596:0628/221558.761:ERROR:registration_request.cc(251)] Registration URL fetching failed.
Jun 28, 2023 22:16:54.12 [35728:4596:0628/221654.125:ERROR:registration_request.cc(251)] Registration URL fetching failed.
Jun 28, 2023 22:18:32.15 [35728:4596:0628/221832.155:ERROR:registration_request.cc(251)] Registration URL fetching failed.
Jun 28, 2023 22:19:25.80 [35728:4596:0628/221925.802:ERROR:connection_factory_impl.cc(428)] Failed to connect to MCS endpoint with error -106
Jun 28, 2023 22:21:37.54 [35728:4596:0628/222137.546:ERROR:registration_request.cc(251)] Registration URL fetching failed.
Jun 28, 2023 22:27:44.43 [35728:4596:0628/222744.437:ERROR:registration_request.cc(251)] Registration URL fetching failed.
Jun 28, 2023 22:27:44.43 [35728:22928:0628/222744.437:ERROR:sharing_service.cc(210)] Device registration failed with transient error
Jun 28, 2023 22:29:25.80 [35728:4596:0628/222925.807:ERROR:connection_factory_impl.cc(428)] Failed to connect to MCS endpoint with error -106
Jun 29, 2023 11:25:15.51 [35728:4596:0629/112515.512:ERROR:connection_factory_impl.cc(428)] Failed to connect to MCS endpoint with error -106
Jun 29, 2023 11:25:15.55 [35728:4596:0629/112515.552:ERROR:registration_request.cc(251)] Registration URL fetching failed.
Jun 29, 2023 11:25:28.83 [35728:4596:0629/112528.830:ERROR:connection_factory_impl.cc(428)] Failed to connect to MCS endpoint with error -105
